[    6916ms] [ERROR] Failed to load resource: the server responded with a status of 500 (INTERNAL SERVER ERROR) @ http://localhost:8050/_dash-update-component:0
[    6996ms] [ERROR] {message: Callback error updating rankings-content.children, html: <!doctype html>
<html lang=en>
  <head>
    <title…aT' (most likely due to a circular import)


-->
} @ http://localhost:8050/_dash-component-suites/dash/dash-renderer/build/dash_renderer.v4_0_0m1771890619.dev.js:84566
[   57539ms] [ERROR] Warning: Unsupported style property %s. Did you mean %s?%s flex-grow flexGrow 
    at div
    at Ae (http://localhost:8050/_dash-component-suites/dash/html/dash_html_components.v4_0_0m1771890619.min.js:1:58523)
    at CheckedComponent (http://localhost:8050/_dash-component-suites/dash/dash-renderer/build/dash_renderer.v4_0_0m1771890619.dev.js:85525:19)
    at DashContextProvider (http://localhost:8050/_dash-component-suites/dash/dash-renderer/build/dash_renderer.v4_0_0m1771890619.dev.js:85562:24)
    at ComponentErrorBoundary (http://localhost:8050/_dash-component-suites/dash/dash-renderer/build/dash_renderer.v4_0_0m1771890619.dev.js:81000:5)
    at DashWrapper (http://localhost:8050/_dash-component-suites/dash/dash-renderer/build/dash_renderer.v4_0_0m1771890619.dev.js:85693:28)
    at div
    at Ae (http://localhost:8050/_dash-component-suites/dash/html/dash_html_components.v4_0_0m1771890619.min.js:1:58523)
    at CheckedComponent (http://localhost:8050/_dash-component-suites/dash/dash-renderer/build/dash_renderer.v4_0_0m1771890619.dev.js:85525:19)
    at DashContextProvider (http://localhost:8050/_dash-component-suites/dash/dash-renderer/build/dash_renderer.v4_0_0m1771890619.dev.js:85562:24)
    at ComponentErrorBoundary (http://localhost:8050/_dash-component-suites/dash/dash-renderer/build/dash_renderer.v4_0_0m1771890619.dev.js:81000:5)
    at DashWrapper (http://localhost:8050/_dash-component-suites/dash/dash-renderer/build/dash_renderer.v4_0_0m1771890619.dev.js:85693:28)
    at div
    at http://localhost:8050/_dash-component-suites/dash_bootstrap_components/_components/dash_bootstrap_components.v2_0_4m1771890624.min.js:2:164612
    at div
    at r (http://localhost:8050/_dash-component-suites/dash_bootstrap_components/_components/dash_bootstrap_components.v2_0_4m1771890624.min.js:2:18960)
    at http://localhost:8050/_dash-component-suites/dash_bootstrap_components/_components/dash_bootstrap_components.v2_0_4m1771890624.min.js:2:24925
    at http://localhost:8050/_dash-component-suites/dash_bootstrap_components/_components/dash_bootstrap_components.v2_0_4m1771890624.min.js:2:164817
    at id
    at http://localhost:8050/_dash-component-suites/dash_bootstrap_components/_components/dash_bootstrap_components.v2_0_4m1771890624.min.js:2:142907
    at http://localhost:8050/_dash-component-suites/dash_bootstrap_components/_components/dash_bootstrap_components.v2_0_4m1771890624.min.js:2:145145
    at http://localhost:8050/_dash-component-suites/dash_bootstrap_components/_components/dash_bootstrap_components.v2_0_4m1771890624.min.js:2:165743
    at zd (http://localhost:8050/_dash-component-suites/dash_bootstrap_components/_components/dash_bootstrap_components.v2_0_4m1771890624.min.js:2:174386)
    at CheckedComponent (http://localhost:8050/_dash-component-suites/dash/dash-renderer/build/dash_renderer.v4_0_0m1771890619.dev.js:85525:19)
    at DashContextProvider (http://localhost:8050/_dash-component-suites/dash/dash-renderer/build/dash_renderer.v4_0_0m1771890619.dev.js:85562:24)
    at ComponentErrorBoundary (http://localhost:8050/_dash-component-suites/dash/dash-renderer/build/dash_renderer.v4_0_0m1771890619.dev.js:81000:5)
    at DashWrapper (http://localhost:8050/_dash-component-suites/dash/dash-renderer/build/dash_renderer.v4_0_0m1771890619.dev.js:85693:28)
    at div
    at http://localhost:8050/_dash-component-suites/dash_bootstrap_components/_components/dash_bootstrap_components.v2_0_4m1771890624.min.js:2:77740
    at Ps (http://localhost:8050/_dash-component-suites/dash_bootstrap_components/_components/dash_bootstrap_components.v2_0_4m1771890624.min.js:2:78030)
    at CheckedComponent (http://localhost:8050/_dash-component-suites/dash/dash-renderer/build/dash_renderer.v4_0_0m1771890619.dev.js:85525:19)
    at DashContextProvider (http://localhost:8050/_dash-component-suites/dash/dash-renderer/build/dash_renderer.v4_0_0m1771890619.dev.js:85562:24)
    at ComponentErrorBoundary (http://localhost:8050/_dash-component-suites/dash/dash-renderer/build/dash_renderer.v4_0_0m1771890619.dev.js:81000:5)
    at DashWrapper (http://localhost:8050/_dash-component-suites/dash/dash-renderer/build/dash_renderer.v4_0_0m1771890619.dev.js:85693:28)
    at div
    at div
    at Debug (http://localhost:8050/_dash-component-suites/dash/dash-renderer/build/dash_renderer.v4_0_0m1771890619.dev.js:81942:21)
    at DevtoolProvider (http://localhost:8050/_dash-component-suites/dash/dash-renderer/build/dash_renderer.v4_0_0m1771890619.dev.js:82045:23)
    at DebugMenu (http://localhost:8050/_dash-component-suites/dash/dash-renderer/build/dash_renderer.v4_0_0m1771890619.dev.js:82006:24)
    at div
    at UnconnectedGlobalErrorContainer (http://localhost:8050/_dash-component-suites/dash/dash-renderer/build/dash_renderer.v4_0_0m1771890619.dev.js:81436:5)
    at ConnectFunction (http://localhost:8050/_dash-component-suites/dash/dash-renderer/build/dash_renderer.v4_0_0m1771890619.dev.js:72053:68)
    at UnconnectedContainer (http://localhost:8050/_dash-component-suites/dash/dash-renderer/build/dash_renderer.v4_0_0m1771890619.dev.js:75251:28)
    at ConnectFunction (http://localhost:8050/_dash-component-suites/dash/dash-renderer/build/dash_renderer.v4_0_0m1771890619.dev.js:72053:68)
    at UnconnectedAppContainer (http://localhost:8050/_dash-component-suites/dash/dash-renderer/build/dash_renderer.v4_0_0m1771890619.dev.js:75477:5)
    at ConnectFunction (http://localhost:8050/_dash-component-suites/dash/dash-renderer/build/dash_renderer.v4_0_0m1771890619.dev.js:72053:68)
    at Provider (http://localhost:8050/_dash-component-suites/dash/dash-renderer/build/dash_renderer.v4_0_0m1771890619.dev.js:71768:20)
    at AppProvider (http://localhost:8050/_dash-component-suites/dash/dash-renderer/build/dash_renderer.v4_0_0m1771890619.dev.js:75567:25) @ http://localhost:8050/_dash-component-suites/dash/deps/react-dom@18.v4_0_0m1771890619.3.1.js:72
[   57540ms] [ERROR] Warning: Unsupported style property %s. Did you mean %s?%s flex-direction flexDirection 
    at div
    at Ae (http://localhost:8050/_dash-component-suites/dash/html/dash_html_components.v4_0_0m1771890619.min.js:1:58523)
    at CheckedComponent (http://localhost:8050/_dash-component-suites/dash/dash-renderer/build/dash_renderer.v4_0_0m1771890619.dev.js:85525:19)
    at DashContextProvider (http://localhost:8050/_dash-component-suites/dash/dash-renderer/build/dash_renderer.v4_0_0m1771890619.dev.js:85562:24)
    at ComponentErrorBoundary (http://localhost:8050/_dash-component-suites/dash/dash-renderer/build/dash_renderer.v4_0_0m1771890619.dev.js:81000:5)
    at DashWrapper (http://localhost:8050/_dash-component-suites/dash/dash-renderer/build/dash_renderer.v4_0_0m1771890619.dev.js:85693:28)
    at div
    at Ae (http://localhost:8050/_dash-component-suites/dash/html/dash_html_components.v4_0_0m1771890619.min.js:1:58523)
    at CheckedComponent (http://localhost:8050/_dash-component-suites/dash/dash-renderer/build/dash_renderer.v4_0_0m1771890619.dev.js:85525:19)
    at DashContextProvider (http://localhost:8050/_dash-component-suites/dash/dash-renderer/build/dash_renderer.v4_0_0m1771890619.dev.js:85562:24)
    at ComponentErrorBoundary (http://localhost:8050/_dash-component-suites/dash/dash-renderer/build/dash_renderer.v4_0_0m1771890619.dev.js:81000:5)
    at DashWrapper (http://localhost:8050/_dash-component-suites/dash/dash-renderer/build/dash_renderer.v4_0_0m1771890619.dev.js:85693:28)
    at div
    at http://localhost:8050/_dash-component-suites/dash_bootstrap_components/_components/dash_bootstrap_components.v2_0_4m1771890624.min.js:2:164612
    at div
    at r (http://localhost:8050/_dash-component-suites/dash_bootstrap_components/_components/dash_bootstrap_components.v2_0_4m1771890624.min.js:2:18960)
    at http://localhost:8050/_dash-component-suites/dash_bootstrap_components/_components/dash_bootstrap_components.v2_0_4m1771890624.min.js:2:24925
    at http://localhost:8050/_dash-component-suites/dash_bootstrap_components/_components/dash_bootstrap_components.v2_0_4m1771890624.min.js:2:164817
    at id
    at http://localhost:8050/_dash-component-suites/dash_bootstrap_components/_components/dash_bootstrap_components.v2_0_4m1771890624.min.js:2:142907
    at http://localhost:8050/_dash-component-suites/dash_bootstrap_components/_components/dash_bootstrap_components.v2_0_4m1771890624.min.js:2:145145
    at http://localhost:8050/_dash-component-suites/dash_bootstrap_components/_components/dash_bootstrap_components.v2_0_4m1771890624.min.js:2:165743
    at zd (http://localhost:8050/_dash-component-suites/dash_bootstrap_components/_components/dash_bootstrap_components.v2_0_4m1771890624.min.js:2:174386)
    at CheckedComponent (http://localhost:8050/_dash-component-suites/dash/dash-renderer/build/dash_renderer.v4_0_0m1771890619.dev.js:85525:19)
    at DashContextProvider (http://localhost:8050/_dash-component-suites/dash/dash-renderer/build/dash_renderer.v4_0_0m1771890619.dev.js:85562:24)
    at ComponentErrorBoundary (http://localhost:8050/_dash-component-suites/dash/dash-renderer/build/dash_renderer.v4_0_0m1771890619.dev.js:81000:5)
    at DashWrapper (http://localhost:8050/_dash-component-suites/dash/dash-renderer/build/dash_renderer.v4_0_0m1771890619.dev.js:85693:28)
    at div
    at http://localhost:8050/_dash-component-suites/dash_bootstrap_components/_components/dash_bootstrap_components.v2_0_4m1771890624.min.js:2:77740
    at Ps (http://localhost:8050/_dash-component-suites/dash_bootstrap_components/_components/dash_bootstrap_components.v2_0_4m1771890624.min.js:2:78030)
    at CheckedComponent (http://localhost:8050/_dash-component-suites/dash/dash-renderer/build/dash_renderer.v4_0_0m1771890619.dev.js:85525:19)
    at DashContextProvider (http://localhost:8050/_dash-component-suites/dash/dash-renderer/build/dash_renderer.v4_0_0m1771890619.dev.js:85562:24)
    at ComponentErrorBoundary (http://localhost:8050/_dash-component-suites/dash/dash-renderer/build/dash_renderer.v4_0_0m1771890619.dev.js:81000:5)
    at DashWrapper (http://localhost:8050/_dash-component-suites/dash/dash-renderer/build/dash_renderer.v4_0_0m1771890619.dev.js:85693:28)
    at div
    at div
    at Debug (http://localhost:8050/_dash-component-suites/dash/dash-renderer/build/dash_renderer.v4_0_0m1771890619.dev.js:81942:21)
    at DevtoolProvider (http://localhost:8050/_dash-component-suites/dash/dash-renderer/build/dash_renderer.v4_0_0m1771890619.dev.js:82045:23)
    at DebugMenu (http://localhost:8050/_dash-component-suites/dash/dash-renderer/build/dash_renderer.v4_0_0m1771890619.dev.js:82006:24)
    at div
    at UnconnectedGlobalErrorContainer (http://localhost:8050/_dash-component-suites/dash/dash-renderer/build/dash_renderer.v4_0_0m1771890619.dev.js:81436:5)
    at ConnectFunction (http://localhost:8050/_dash-component-suites/dash/dash-renderer/build/dash_renderer.v4_0_0m1771890619.dev.js:72053:68)
    at UnconnectedContainer (http://localhost:8050/_dash-component-suites/dash/dash-renderer/build/dash_renderer.v4_0_0m1771890619.dev.js:75251:28)
    at ConnectFunction (http://localhost:8050/_dash-component-suites/dash/dash-renderer/build/dash_renderer.v4_0_0m1771890619.dev.js:72053:68)
    at UnconnectedAppContainer (http://localhost:8050/_dash-component-suites/dash/dash-renderer/build/dash_renderer.v4_0_0m1771890619.dev.js:75477:5)
    at ConnectFunction (http://localhost:8050/_dash-component-suites/dash/dash-renderer/build/dash_renderer.v4_0_0m1771890619.dev.js:72053:68)
    at Provider (http://localhost:8050/_dash-component-suites/dash/dash-renderer/build/dash_renderer.v4_0_0m1771890619.dev.js:71768:20)
    at AppProvider (http://localhost:8050/_dash-component-suites/dash/dash-renderer/build/dash_renderer.v4_0_0m1771890619.dev.js:75567:25) @ http://localhost:8050/_dash-component-suites/dash/deps/react-dom@18.v4_0_0m1771890619.3.1.js:72
[   98516ms] [ERROR] Failed to load resource: the server responded with a status of 500 (INTERNAL SERVER ERROR) @ http://localhost:8050/_dash-component-suites/dash/dcc/async-markdown.js:0
[   98522ms] ChunkLoadError: Loading chunk 641 failed.
(error: http://localhost:8050/_dash-component-suites/dash/dcc/async-markdown.js)
    at i.f.j (http://localhost:8050/_dash-component-suites/dash/dcc/dash_core_components.v4_0_0m1771890619.js:2:199804)
    at http://localhost:8050/_dash-component-suites/dash/dcc/dash_core_components.v4_0_0m1771890619.js:2:197099
    at Array.reduce (<anonymous>)
    at i.e (http://localhost:8050/_dash-component-suites/dash/dcc/dash_core_components.v4_0_0m1771890619.js:2:197065)
    at http://localhost:8050/_dash-component-suites/dash/dcc/dash_core_components.v4_0_0m1771890619.js:2:194514
    at http://localhost:8050/_dash-component-suites/dash/dcc/dash_core_components.v4_0_0m1771890619.js:2:103479
    at lazyInitializer (http://localhost:8050/_dash-component-suites/dash/deps/react@18.v4_0_0m1771890619.3.1.js:1347:22)
    at mountLazyComponent (http://localhost:8050/_dash-component-suites/dash/deps/react-dom@18.v4_0_0m1771890619.3.1.js:19983:21)
    at beginWork (http://localhost:8050/_dash-component-suites/dash/deps/react-dom@18.v4_0_0m1771890619.3.1.js:21642:18)
    at beginWork$1 (http://localhost:8050/_dash-component-suites/dash/deps/react-dom@18.v4_0_0m1771890619.3.1.js:27475:16)
[   98523ms] ChunkLoadError: Loading chunk 641 failed.
(error: http://localhost:8050/_dash-component-suites/dash/dcc/async-markdown.js)
    at i.f.j (http://localhost:8050/_dash-component-suites/dash/dcc/dash_core_components.v4_0_0m1771890619.js:2:199804)
    at http://localhost:8050/_dash-component-suites/dash/dcc/dash_core_components.v4_0_0m1771890619.js:2:197099
    at Array.reduce (<anonymous>)
    at i.e (http://localhost:8050/_dash-component-suites/dash/dcc/dash_core_components.v4_0_0m1771890619.js:2:197065)
    at http://localhost:8050/_dash-component-suites/dash/dcc/dash_core_components.v4_0_0m1771890619.js:2:194514
    at http://localhost:8050/_dash-component-suites/dash/dcc/dash_core_components.v4_0_0m1771890619.js:2:103479
    at lazyInitializer (http://localhost:8050/_dash-component-suites/dash/deps/react@18.v4_0_0m1771890619.3.1.js:1347:22)
    at mountLazyComponent (http://localhost:8050/_dash-component-suites/dash/deps/react-dom@18.v4_0_0m1771890619.3.1.js:19983:21)
    at beginWork (http://localhost:8050/_dash-component-suites/dash/deps/react-dom@18.v4_0_0m1771890619.3.1.js:21642:18)
    at beginWork$1 (http://localhost:8050/_dash-component-suites/dash/deps/react-dom@18.v4_0_0m1771890619.3.1.js:27475:16)
[   98524ms] [ERROR] The above error occurred in one of your React components:

    at Lazy
    at Suspense
    at u (http://localhost:8050/_dash-component-suites/dash/dcc/dash_core_components.v4_0_0m1771890619.js:2:193946)
    at CheckedComponent (http://localhost:8050/_dash-component-suites/dash/dash-renderer/build/dash_renderer.v4_0_0m1771890619.dev.js:85525:19)
    at DashContextProvider (http://localhost:8050/_dash-component-suites/dash/dash-renderer/build/dash_renderer.v4_0_0m1771890619.dev.js:85562:24)
    at ComponentErrorBoundary (http://localhost:8050/_dash-component-suites/dash/dash-renderer/build/dash_renderer.v4_0_0m1771890619.dev.js:81000:5)
    at DashWrapper (http://localhost:8050/_dash-component-suites/dash/dash-renderer/build/dash_renderer.v4_0_0m1771890619.dev.js:85693:28)
    at div
    at Ae (http://localhost:8050/_dash-component-suites/dash/html/dash_html_components.v4_0_0m1771890619.min.js:1:58523)
    at CheckedComponent (http://localhost:8050/_dash-component-suites/dash/dash-renderer/build/dash_renderer.v4_0_0m1771890619.dev.js:85525:19)
    at DashContextProvider (http://localhost:8050/_dash-component-suites/dash/dash-renderer/build/dash_renderer.v4_0_0m1771890619.dev.js:85562:24)
    at ComponentErrorBoundary (http://localhost:8050/_dash-component-suites/dash/dash-renderer/build/dash_renderer.v4_0_0m1771890619.dev.js:81000:5)
    at DashWrapper (http://localhost:8050/_dash-component-suites/dash/dash-renderer/build/dash_renderer.v4_0_0m1771890619.dev.js:85693:28)
    at div
    at Ae (http://localhost:8050/_dash-component-suites/dash/html/dash_html_components.v4_0_0m1771890619.min.js:1:58523)
    at CheckedComponent (http://localhost:8050/_dash-component-suites/dash/dash-renderer/build/dash_renderer.v4_0_0m1771890619.dev.js:85525:19)
    at DashContextProvider (http://localhost:8050/_dash-component-suites/dash/dash-renderer/build/dash_renderer.v4_0_0m1771890619.dev.js:85562:24)
    at ComponentErrorBoundary (http://localhost:8050/_dash-component-suites/dash/dash-renderer/build/dash_renderer.v4_0_0m1771890619.dev.js:81000:5)
    at DashWrapper (http://localhost:8050/_dash-component-suites/dash/dash-renderer/build/dash_renderer.v4_0_0m1771890619.dev.js:85693:28)
    at div
    at Ae (http://localhost:8050/_dash-component-suites/dash/html/dash_html_components.v4_0_0m1771890619.min.js:1:58523)
    at CheckedComponent (http://localhost:8050/_dash-component-suites/dash/dash-renderer/build/dash_renderer.v4_0_0m1771890619.dev.js:85525:19)
    at DashContextProvider (http://localhost:8050/_dash-component-suites/dash/dash-renderer/build/dash_renderer.v4_0_0m1771890619.dev.js:85562:24)
    at ComponentErrorBoundary (http://localhost:8050/_dash-component-suites/dash/dash-renderer/build/dash_renderer.v4_0_0m1771890619.dev.js:81000:5)
    at DashWrapper (http://localhost:8050/_dash-component-suites/dash/dash-renderer/build/dash_renderer.v4_0_0m1771890619.dev.js:85693:28)
    at div
    at Ae (http://localhost:8050/_dash-component-suites/dash/html/dash_html_components.v4_0_0m1771890619.min.js:1:58523)
    at CheckedComponent (http://localhost:8050/_dash-component-suites/dash/dash-renderer/build/dash_renderer.v4_0_0m1771890619.dev.js:85525:19)
    at DashContextProvider (http://localhost:8050/_dash-component-suites/dash/dash-renderer/build/dash_renderer.v4_0_0m1771890619.dev.js:85562:24)
    at ComponentErrorBoundary (http://localhost:8050/_dash-component-suites/dash/dash-renderer/build/dash_renderer.v4_0_0m1771890619.dev.js:81000:5)
    at DashWrapper (http://localhost:8050/_dash-component-suites/dash/dash-renderer/build/dash_renderer.v4_0_0m1771890619.dev.js:85693:28)
    at div
    at Ae (http://localhost:8050/_dash-component-suites/dash/html/dash_html_components.v4_0_0m1771890619.min.js:1:58523)
    at CheckedComponent (http://localhost:8050/_dash-component-suites/dash/dash-renderer/build/dash_renderer.v4_0_0m1771890619.dev.js:85525:19)
    at DashContextProvider (http://localhost:8050/_dash-component-suites/dash/dash-renderer/build/dash_renderer.v4_0_0m1771890619.dev.js:85562:24)
    at ComponentErrorBoundary (http://localhost:8050/_dash-component-suites/dash/dash-renderer/build/dash_renderer.v4_0_0m1771890619.dev.js:81000:5)
    at DashWrapper (http://localhost:8050/_dash-component-suites/dash/dash-renderer/build/dash_renderer.v4_0_0m1771890619.dev.js:85693:28)
    at div
    at http://localhost:8050/_dash-component-suites/dash_bootstrap_components/_components/dash_bootstrap_components.v2_0_4m1771890624.min.js:2:164612
    at div
    at r (http://localhost:8050/_dash-component-suites/dash_bootstrap_components/_components/dash_bootstrap_components.v2_0_4m1771890624.min.js:2:18960)
    at http://localhost:8050/_dash-component-suites/dash_bootstrap_components/_components/dash_bootstrap_components.v2_0_4m1771890624.min.js:2:24925
    at http://localhost:8050/_dash-component-suites/dash_bootstrap_components/_components/dash_bootstrap_components.v2_0_4m1771890624.min.js:2:164817
    at id
    at http://localhost:8050/_dash-component-suites/dash_bootstrap_components/_components/dash_bootstrap_components.v2_0_4m1771890624.min.js:2:142907
    at http://localhost:8050/_dash-component-suites/dash_bootstrap_components/_components/dash_bootstrap_components.v2_0_4m1771890624.min.js:2:145145
    at http://localhost:8050/_dash-component-suites/dash_bootstrap_components/_components/dash_bootstrap_components.v2_0_4m1771890624.min.js:2:165743
    at zd (http://localhost:8050/_dash-component-suites/dash_bootstrap_components/_components/dash_bootstrap_components.v2_0_4m1771890624.min.js:2:174386)
    at CheckedComponent (http://localhost:8050/_dash-component-suites/dash/dash-renderer/build/dash_renderer.v4_0_0m1771890619.dev.js:85525:19)
    at DashContextProvider (http://localhost:8050/_dash-component-suites/dash/dash-renderer/build/dash_renderer.v4_0_0m1771890619.dev.js:85562:24)
    at ComponentErrorBoundary (http://localhost:8050/_dash-component-suites/dash/dash-renderer/build/dash_renderer.v4_0_0m1771890619.dev.js:81000:5)
    at DashWrapper (http://localhost:8050/_dash-component-suites/dash/dash-renderer/build/dash_renderer.v4_0_0m1771890619.dev.js:85693:28)
    at div
    at http://localhost:8050/_dash-component-suites/dash_bootstrap_components/_components/dash_bootstrap_components.v2_0_4m1771890624.min.js:2:77740
    at Ps (http://localhost:8050/_dash-component-suites/dash_bootstrap_components/_components/dash_bootstrap_components.v2_0_4m1771890624.min.js:2:78030)
    at CheckedComponent (http://localhost:8050/_dash-component-suites/dash/dash-renderer/build/dash_renderer.v4_0_0m1771890619.dev.js:85525:19)
    at DashContextProvider (http://localhost:8050/_dash-component-suites/dash/dash-renderer/build/dash_renderer.v4_0_0m1771890619.dev.js:85562:24)
    at ComponentErrorBoundary (http://localhost:8050/_dash-component-suites/dash/dash-renderer/build/dash_renderer.v4_0_0m1771890619.dev.js:81000:5)
    at DashWrapper (http://localhost:8050/_dash-component-suites/dash/dash-renderer/build/dash_renderer.v4_0_0m1771890619.dev.js:85693:28)
    at div
    at div
    at Debug (http://localhost:8050/_dash-component-suites/dash/dash-renderer/build/dash_renderer.v4_0_0m1771890619.dev.js:81942:21)
    at DevtoolProvider (http://localhost:8050/_dash-component-suites/dash/dash-renderer/build/dash_renderer.v4_0_0m1771890619.dev.js:82045:23)
    at DebugMenu (http://localhost:8050/_dash-component-suites/dash/dash-renderer/build/dash_renderer.v4_0_0m1771890619.dev.js:82006:24)
    at div
    at UnconnectedGlobalErrorContainer (http://localhost:8050/_dash-component-suites/dash/dash-renderer/build/dash_renderer.v4_0_0m1771890619.dev.js:81436:5)
    at ConnectFunction (http://localhost:8050/_dash-component-suites/dash/dash-renderer/build/dash_renderer.v4_0_0m1771890619.dev.js:72053:68)
    at UnconnectedContainer (http://localhost:8050/_dash-component-suites/dash/dash-renderer/build/dash_renderer.v4_0_0m1771890619.dev.js:75251:28)
    at ConnectFunction (http://localhost:8050/_dash-component-suites/dash/dash-renderer/build/dash_renderer.v4_0_0m1771890619.dev.js:72053:68)
    at UnconnectedAppContainer (http://localhost:8050/_dash-component-suites/dash/dash-renderer/build/dash_renderer.v4_0_0m1771890619.dev.js:75477:5)
    at ConnectFunction (http://localhost:8050/_dash-component-suites/dash/dash-renderer/build/dash_renderer.v4_0_0m1771890619.dev.js:72053:68)
    at Provider (http://localhost:8050/_dash-component-suites/dash/dash-renderer/build/dash_renderer.v4_0_0m1771890619.dev.js:71768:20)
    at AppProvider (http://localhost:8050/_dash-component-suites/dash/dash-renderer/build/dash_renderer.v4_0_0m1771890619.dev.js:75567:25)

React will try to recreate this component tree from scratch using the error boundary you provided, ComponentErrorBoundary. @ http://localhost:8050/_dash-component-suites/dash/deps/react-dom@18.v4_0_0m1771890619.3.1.js:18713
[   98525ms] [ERROR] ChunkLoadError: Loading chunk 641 failed.
(error: http://localhost:8050/_dash-component-suites/dash/dcc/async-markdown.js)
    at i.f.j (http://localhost:8050/_dash-component-suites/dash/dcc/dash_core_components.v4_0_0m1771890619.js:2:199804)
    at http://localhost:8050/_dash-component-suites/dash/dcc/dash_core_components.v4_0_0m1771890619.js:2:197099
    at Array.reduce (<anonymous>)
    at i.e (http://localhost:8050/_dash-component-suites/dash/dcc/dash_core_components.v4_0_0m1771890619.js:2:197065)
    at http://localhost:8050/_dash-component-suites/dash/dcc/dash_core_components.v4_0_0m1771890619.js:2:194514
    at http://localhost:8050/_dash-component-suites/dash/dcc/dash_core_components.v4_0_0m1771890619.js:2:103479
    at lazyInitializer (http://localhost:8050/_dash-component-suites/dash/deps/react@18.v4_0_0m1771890619.3.1.js:1347:22)
    at mountLazyComponent (http://localhost:8050/_dash-component-suites/dash/deps/react-dom@18.v4_0_0m1771890619.3.1.js:19983:21)
    at beginWork (http://localhost:8050/_dash-component-suites/dash/deps/react-dom@18.v4_0_0m1771890619.3.1.js:21642:18)
    at beginWork$1 (http://localhost:8050/_dash-component-suites/dash/deps/react-dom@18.v4_0_0m1771890619.3.1.js:27475:16) @ http://localhost:8050/_dash-component-suites/dash/dash-renderer/build/dash_renderer.v4_0_0m1771890619.dev.js:84566
[   99679ms] [ERROR] Failed to load resource: the server responded with a status of 500 (INTERNAL SERVER ERROR) @ http://localhost:8050/_dash-update-component:0
[   99683ms] [ERROR] {message: Callback error updating rankings-content.children, html: <!doctype html>
<html lang=en>
  <head>
    <title…aT' (most likely due to a circular import)


-->
} @ http://localhost:8050/_dash-component-suites/dash/dash-renderer/build/dash_renderer.v4_0_0m1771890619.dev.js:84566
[  270792ms] [ERROR] Failed to load resource: the server responded with a status of 500 (INTERNAL SERVER ERROR) @ http://localhost:8050/_dash-update-component:0
[  270817ms] [ERROR] {message: Callback error updating all-teams-list.children, html: <!doctype html>
<html lang=en>
  <head>
    <title…aT' (most likely due to a circular import)


-->
} @ http://localhost:8050/_dash-component-suites/dash/dash-renderer/build/dash_renderer.v4_0_0m1771890619.dev.js:84566
[  341033ms] [ERROR] Failed to load resource: net::ERR_CONNECTION_RESET @ http://localhost:8050/_dash-update-component:0
[  341038ms] [ERROR] Error: Callback failed: the server did not respond.
    at handleError (http://localhost:8050/_dash-component-suites/dash/dash-renderer/build/dash_renderer.v4_0_0m1771890619.dev.js:76546:14) @ http://localhost:8050/_dash-component-suites/dash/dash-renderer/build/dash_renderer.v4_0_0m1771890619.dev.js:84566
[  345320ms] [ERROR] Failed to load resource: the server responded with a status of 500 (INTERNAL SERVER ERROR) @ http://localhost:8050/_dash-update-component:0
[  345335ms] [ERROR] {message: Callback error updating all-teams-list.children, html: <!doctype html>
<html lang=en>
  <head>
    <title…aT' (most likely due to a circular import)


-->
} @ http://localhost:8050/_dash-component-suites/dash/dash-renderer/build/dash_renderer.v4_0_0m1771890619.dev.js:84566
[  351988ms] [ERROR] Failed to load resource: the server responded with a status of 500 (INTERNAL SERVER ERROR) @ http://localhost:8050/_dash-update-component:0
[  352022ms] [ERROR] {message: Callback error updating all-teams-list.children, html: <!doctype html>
<html lang=en>
  <head>
    <title…aT' (most likely due to a circular import)


-->
} @ http://localhost:8050/_dash-component-suites/dash/dash-renderer/build/dash_renderer.v4_0_0m1771890619.dev.js:84566
[  362120ms] [ERROR] Failed to load resource: the server responded with a status of 500 (INTERNAL SERVER ERROR) @ http://localhost:8050/_dash-component-suites/dash/dcc/async-dropdown.js:0
[  362123ms] ChunkLoadError: Loading chunk 157 failed.
(error: http://localhost:8050/_dash-component-suites/dash/dcc/async-dropdown.js)
    at i.f.j (http://localhost:8050/_dash-component-suites/dash/dcc/dash_core_components.v4_0_0m1771890619.js:2:199804)
    at http://localhost:8050/_dash-component-suites/dash/dcc/dash_core_components.v4_0_0m1771890619.js:2:197099
    at Array.reduce (<anonymous>)
    at i.e (http://localhost:8050/_dash-component-suites/dash/dcc/dash_core_components.v4_0_0m1771890619.js:2:197065)
    at i (http://localhost:8050/_dash-component-suites/dash/dcc/dash_core_components.v4_0_0m1771890619.js:2:155898)
    at lazyInitializer (http://localhost:8050/_dash-component-suites/dash/deps/react@18.v4_0_0m1771890619.3.1.js:1347:22)
    at mountLazyComponent (http://localhost:8050/_dash-component-suites/dash/deps/react-dom@18.v4_0_0m1771890619.3.1.js:19983:21)
    at beginWork (http://localhost:8050/_dash-component-suites/dash/deps/react-dom@18.v4_0_0m1771890619.3.1.js:21642:18)
    at beginWork$1 (http://localhost:8050/_dash-component-suites/dash/deps/react-dom@18.v4_0_0m1771890619.3.1.js:27475:16)
    at performUnitOfWork (http://localhost:8050/_dash-component-suites/dash/deps/react-dom@18.v4_0_0m1771890619.3.1.js:26609:14)
[  362135ms] ChunkLoadError: Loading chunk 157 failed.
(error: http://localhost:8050/_dash-component-suites/dash/dcc/async-dropdown.js)
    at i.f.j (http://localhost:8050/_dash-component-suites/dash/dcc/dash_core_components.v4_0_0m1771890619.js:2:199804)
    at http://localhost:8050/_dash-component-suites/dash/dcc/dash_core_components.v4_0_0m1771890619.js:2:197099
    at Array.reduce (<anonymous>)
    at i.e (http://localhost:8050/_dash-component-suites/dash/dcc/dash_core_components.v4_0_0m1771890619.js:2:197065)
    at i (http://localhost:8050/_dash-component-suites/dash/dcc/dash_core_components.v4_0_0m1771890619.js:2:155898)
    at lazyInitializer (http://localhost:8050/_dash-component-suites/dash/deps/react@18.v4_0_0m1771890619.3.1.js:1347:22)
    at mountLazyComponent (http://localhost:8050/_dash-component-suites/dash/deps/react-dom@18.v4_0_0m1771890619.3.1.js:19983:21)
    at beginWork (http://localhost:8050/_dash-component-suites/dash/deps/react-dom@18.v4_0_0m1771890619.3.1.js:21642:18)
    at beginWork$1 (http://localhost:8050/_dash-component-suites/dash/deps/react-dom@18.v4_0_0m1771890619.3.1.js:27475:16)
    at performUnitOfWork (http://localhost:8050/_dash-component-suites/dash/deps/react-dom@18.v4_0_0m1771890619.3.1.js:26609:14)
[  362135ms] [ERROR] The above error occurred in one of your React components:

    at Lazy
    at Suspense
    at h (http://localhost:8050/_dash-component-suites/dash/dcc/dash_core_components.v4_0_0m1771890619.js:2:157512)
    at CheckedComponent (http://localhost:8050/_dash-component-suites/dash/dash-renderer/build/dash_renderer.v4_0_0m1771890619.dev.js:85525:19)
    at DashContextProvider (http://localhost:8050/_dash-component-suites/dash/dash-renderer/build/dash_renderer.v4_0_0m1771890619.dev.js:85562:24)
    at ComponentErrorBoundary (http://localhost:8050/_dash-component-suites/dash/dash-renderer/build/dash_renderer.v4_0_0m1771890619.dev.js:81000:5)
    at DashWrapper (http://localhost:8050/_dash-component-suites/dash/dash-renderer/build/dash_renderer.v4_0_0m1771890619.dev.js:85693:28)
    at div
    at http://localhost:8050/_dash-component-suites/dash_bootstrap_components/_components/dash_bootstrap_components.v2_0_4m1771890624.min.js:2:75878
    at xs (http://localhost:8050/_dash-component-suites/dash_bootstrap_components/_components/dash_bootstrap_components.v2_0_4m1771890624.min.js:2:76413)
    at CheckedComponent (http://localhost:8050/_dash-component-suites/dash/dash-renderer/build/dash_renderer.v4_0_0m1771890619.dev.js:85525:19)
    at DashContextProvider (http://localhost:8050/_dash-component-suites/dash/dash-renderer/build/dash_renderer.v4_0_0m1771890619.dev.js:85562:24)
    at ComponentErrorBoundary (http://localhost:8050/_dash-component-suites/dash/dash-renderer/build/dash_renderer.v4_0_0m1771890619.dev.js:81000:5)
    at DashWrapper (http://localhost:8050/_dash-component-suites/dash/dash-renderer/build/dash_renderer.v4_0_0m1771890619.dev.js:85693:28)
    at div
    at http://localhost:8050/_dash-component-suites/dash_bootstrap_components/_components/dash_bootstrap_components.v2_0_4m1771890624.min.js:2:202904
    at xp (http://localhost:8050/_dash-component-suites/dash_bootstrap_components/_components/dash_bootstrap_components.v2_0_4m1771890624.min.js:2:203655)
    at CheckedComponent (http://localhost:8050/_dash-component-suites/dash/dash-renderer/build/dash_renderer.v4_0_0m1771890619.dev.js:85525:19)
    at DashContextProvider (http://localhost:8050/_dash-component-suites/dash/dash-renderer/build/dash_renderer.v4_0_0m1771890619.dev.js:85562:24)
    at ComponentErrorBoundary (http://localhost:8050/_dash-component-suites/dash/dash-renderer/build/dash_renderer.v4_0_0m1771890619.dev.js:81000:5)
    at DashWrapper (http://localhost:8050/_dash-component-suites/dash/dash-renderer/build/dash_renderer.v4_0_0m1771890619.dev.js:85693:28)
    at div
    at http://localhost:8050/_dash-component-suites/dash_bootstrap_components/_components/dash_bootstrap_components.v2_0_4m1771890624.min.js:2:77740
    at Ps (http://localhost:8050/_dash-component-suites/dash_bootstrap_components/_components/dash_bootstrap_components.v2_0_4m1771890624.min.js:2:78030)
    at CheckedComponent (http://localhost:8050/_dash-component-suites/dash/dash-renderer/build/dash_renderer.v4_0_0m1771890619.dev.js:85525:19)
    at DashContextProvider (http://localhost:8050/_dash-component-suites/dash/dash-renderer/build/dash_renderer.v4_0_0m1771890619.dev.js:85562:24)
    at ComponentErrorBoundary (http://localhost:8050/_dash-component-suites/dash/dash-renderer/build/dash_renderer.v4_0_0m1771890619.dev.js:81000:5)
    at DashWrapper (http://localhost:8050/_dash-component-suites/dash/dash-renderer/build/dash_renderer.v4_0_0m1771890619.dev.js:85693:28)
    at div
    at div
    at Debug (http://localhost:8050/_dash-component-suites/dash/dash-renderer/build/dash_renderer.v4_0_0m1771890619.dev.js:81942:21)
    at DevtoolProvider (http://localhost:8050/_dash-component-suites/dash/dash-renderer/build/dash_renderer.v4_0_0m1771890619.dev.js:82045:23)
    at DebugMenu (http://localhost:8050/_dash-component-suites/dash/dash-renderer/build/dash_renderer.v4_0_0m1771890619.dev.js:82006:24)
    at div
    at UnconnectedGlobalErrorContainer (http://localhost:8050/_dash-component-suites/dash/dash-renderer/build/dash_renderer.v4_0_0m1771890619.dev.js:81436:5)
    at ConnectFunction (http://localhost:8050/_dash-component-suites/dash/dash-renderer/build/dash_renderer.v4_0_0m1771890619.dev.js:72053:68)
    at UnconnectedContainer (http://localhost:8050/_dash-component-suites/dash/dash-renderer/build/dash_renderer.v4_0_0m1771890619.dev.js:75251:28)
    at ConnectFunction (http://localhost:8050/_dash-component-suites/dash/dash-renderer/build/dash_renderer.v4_0_0m1771890619.dev.js:72053:68)
    at UnconnectedAppContainer (http://localhost:8050/_dash-component-suites/dash/dash-renderer/build/dash_renderer.v4_0_0m1771890619.dev.js:75477:5)
    at ConnectFunction (http://localhost:8050/_dash-component-suites/dash/dash-renderer/build/dash_renderer.v4_0_0m1771890619.dev.js:72053:68)
    at Provider (http://localhost:8050/_dash-component-suites/dash/dash-renderer/build/dash_renderer.v4_0_0m1771890619.dev.js:71768:20)
    at AppProvider (http://localhost:8050/_dash-component-suites/dash/dash-renderer/build/dash_renderer.v4_0_0m1771890619.dev.js:75567:25)

React will try to recreate this component tree from scratch using the error boundary you provided, ComponentErrorBoundary. @ http://localhost:8050/_dash-component-suites/dash/deps/react-dom@18.v4_0_0m1771890619.3.1.js:18713
[  362136ms] [ERROR] ChunkLoadError: Loading chunk 157 failed.
(error: http://localhost:8050/_dash-component-suites/dash/dcc/async-dropdown.js)
    at i.f.j (http://localhost:8050/_dash-component-suites/dash/dcc/dash_core_components.v4_0_0m1771890619.js:2:199804)
    at http://localhost:8050/_dash-component-suites/dash/dcc/dash_core_components.v4_0_0m1771890619.js:2:197099
    at Array.reduce (<anonymous>)
    at i.e (http://localhost:8050/_dash-component-suites/dash/dcc/dash_core_components.v4_0_0m1771890619.js:2:197065)
    at i (http://localhost:8050/_dash-component-suites/dash/dcc/dash_core_components.v4_0_0m1771890619.js:2:155898)
    at lazyInitializer (http://localhost:8050/_dash-component-suites/dash/deps/react@18.v4_0_0m1771890619.3.1.js:1347:22)
    at mountLazyComponent (http://localhost:8050/_dash-component-suites/dash/deps/react-dom@18.v4_0_0m1771890619.3.1.js:19983:21)
    at beginWork (http://localhost:8050/_dash-component-suites/dash/deps/react-dom@18.v4_0_0m1771890619.3.1.js:21642:18)
    at beginWork$1 (http://localhost:8050/_dash-component-suites/dash/deps/react-dom@18.v4_0_0m1771890619.3.1.js:27475:16)
    at performUnitOfWork (http://localhost:8050/_dash-component-suites/dash/deps/react-dom@18.v4_0_0m1771890619.3.1.js:26609:14) @ http://localhost:8050/_dash-component-suites/dash/dash-renderer/build/dash_renderer.v4_0_0m1771890619.dev.js:84566
[  363807ms] [ERROR] Failed to load resource: the server responded with a status of 500 (INTERNAL SERVER ERROR) @ http://localhost:8050/_dash-update-component:0
[  363961ms] [ERROR] {message: Callback error updating all-teams-list.children, html: <!doctype html>
<html lang=en>
  <head>
    <title…aT' (most likely due to a circular import)


-->
} @ http://localhost:8050/_dash-component-suites/dash/dash-renderer/build/dash_renderer.v4_0_0m1771890619.dev.js:84566
