[  180265ms] [ERROR] Warning: %s: Support for defaultProps will be removed from function components in a future major release. Use JavaScript default parameters instead.%s x 
    at x (http://localhost:8050/_dash-component-suites/dash/dcc/async-markdown.js:2:2926)
    at div
    at l (http://localhost:8050/_dash-component-suites/dash/dcc/dash_core_components.v4_0_0m1771890619.js:2:132330)
    at C (http://localhost:8050/_dash-component-suites/dash/dcc/async-markdown.js:2:161999)
    at Suspense
    at u (http://localhost:8050/_dash-component-suites/dash/dcc/dash_core_components.v4_0_0m1771890619.js:2:193946)
    at CheckedComponent (http://localhost:8050/_dash-component-suites/dash/dash-renderer/build/dash_renderer.v4_0_0m1771890619.dev.js:85525:19)
    at DashContextProvider (http://localhost:8050/_dash-component-suites/dash/dash-renderer/build/dash_renderer.v4_0_0m1771890619.dev.js:85562:24)
    at ComponentErrorBoundary (http://localhost:8050/_dash-component-suites/dash/dash-renderer/build/dash_renderer.v4_0_0m1771890619.dev.js:81000:5)
    at DashWrapper (http://localhost:8050/_dash-component-suites/dash/dash-renderer/build/dash_renderer.v4_0_0m1771890619.dev.js:85693:28)
    at div
    at Ae (http://localhost:8050/_dash-component-suites/dash/html/dash_html_components.v4_0_0m1771890619.min.js:1:58523)
    at CheckedComponent (http://localhost:8050/_dash-component-suites/dash/dash-renderer/build/dash_renderer.v4_0_0m1771890619.dev.js:85525:19)
    at DashContextProvider (http://localhost:8050/_dash-component-suites/dash/dash-renderer/build/dash_renderer.v4_0_0m1771890619.dev.js:85562:24)
    at ComponentErrorBoundary (http://localhost:8050/_dash-component-suites/dash/dash-renderer/build/dash_renderer.v4_0_0m1771890619.dev.js:81000:5)
    at DashWrapper (http://localhost:8050/_dash-component-suites/dash/dash-renderer/build/dash_renderer.v4_0_0m1771890619.dev.js:85693:28)
    at div
    at Ae (http://localhost:8050/_dash-component-suites/dash/html/dash_html_components.v4_0_0m1771890619.min.js:1:58523)
    at CheckedComponent (http://localhost:8050/_dash-component-suites/dash/dash-renderer/build/dash_renderer.v4_0_0m1771890619.dev.js:85525:19)
    at DashContextProvider (http://localhost:8050/_dash-component-suites/dash/dash-renderer/build/dash_renderer.v4_0_0m1771890619.dev.js:85562:24)
    at ComponentErrorBoundary (http://localhost:8050/_dash-component-suites/dash/dash-renderer/build/dash_renderer.v4_0_0m1771890619.dev.js:81000:5)
    at DashWrapper (http://localhost:8050/_dash-component-suites/dash/dash-renderer/build/dash_renderer.v4_0_0m1771890619.dev.js:85693:28)
    at div
    at Ae (http://localhost:8050/_dash-component-suites/dash/html/dash_html_components.v4_0_0m1771890619.min.js:1:58523)
    at CheckedComponent (http://localhost:8050/_dash-component-suites/dash/dash-renderer/build/dash_renderer.v4_0_0m1771890619.dev.js:85525:19)
    at DashContextProvider (http://localhost:8050/_dash-component-suites/dash/dash-renderer/build/dash_renderer.v4_0_0m1771890619.dev.js:85562:24)
    at ComponentErrorBoundary (http://localhost:8050/_dash-component-suites/dash/dash-renderer/build/dash_renderer.v4_0_0m1771890619.dev.js:81000:5)
    at DashWrapper (http://localhost:8050/_dash-component-suites/dash/dash-renderer/build/dash_renderer.v4_0_0m1771890619.dev.js:85693:28)
    at div
    at div
    at In (http://localhost:8050/_dash-component-suites/dash/dcc/dash_core_components.v4_0_0m1771890619.js:2:290605)
    at CheckedComponent (http://localhost:8050/_dash-component-suites/dash/dash-renderer/build/dash_renderer.v4_0_0m1771890619.dev.js:85525:19)
    at DashContextProvider (http://localhost:8050/_dash-component-suites/dash/dash-renderer/build/dash_renderer.v4_0_0m1771890619.dev.js:85562:24)
    at ComponentErrorBoundary (http://localhost:8050/_dash-component-suites/dash/dash-renderer/build/dash_renderer.v4_0_0m1771890619.dev.js:81000:5)
    at DashWrapper (http://localhost:8050/_dash-component-suites/dash/dash-renderer/build/dash_renderer.v4_0_0m1771890619.dev.js:85693:28)
    at div
    at Ae (http://localhost:8050/_dash-component-suites/dash/html/dash_html_components.v4_0_0m1771890619.min.js:1:58523)
    at CheckedComponent (http://localhost:8050/_dash-component-suites/dash/dash-renderer/build/dash_renderer.v4_0_0m1771890619.dev.js:85525:19)
    at DashContextProvider (http://localhost:8050/_dash-component-suites/dash/dash-renderer/build/dash_renderer.v4_0_0m1771890619.dev.js:85562:24)
    at ComponentErrorBoundary (http://localhost:8050/_dash-component-suites/dash/dash-renderer/build/dash_renderer.v4_0_0m1771890619.dev.js:81000:5)
    at DashWrapper (http://localhost:8050/_dash-component-suites/dash/dash-renderer/build/dash_renderer.v4_0_0m1771890619.dev.js:85693:28)
    at div
    at http://localhost:8050/_dash-component-suites/dash_bootstrap_components/_components/dash_bootstrap_components.v2_0_4m1771890624.min.js:2:164612
    at div
    at r (http://localhost:8050/_dash-component-suites/dash_bootstrap_components/_components/dash_bootstrap_components.v2_0_4m1771890624.min.js:2:18960)
    at http://localhost:8050/_dash-component-suites/dash_bootstrap_components/_components/dash_bootstrap_components.v2_0_4m1771890624.min.js:2:24925
    at http://localhost:8050/_dash-component-suites/dash_bootstrap_components/_components/dash_bootstrap_components.v2_0_4m1771890624.min.js:2:164817
    at id
    at http://localhost:8050/_dash-component-suites/dash_bootstrap_components/_components/dash_bootstrap_components.v2_0_4m1771890624.min.js:2:142907
    at http://localhost:8050/_dash-component-suites/dash_bootstrap_components/_components/dash_bootstrap_components.v2_0_4m1771890624.min.js:2:145145
    at http://localhost:8050/_dash-component-suites/dash_bootstrap_components/_components/dash_bootstrap_components.v2_0_4m1771890624.min.js:2:165743
    at zd (http://localhost:8050/_dash-component-suites/dash_bootstrap_components/_components/dash_bootstrap_components.v2_0_4m1771890624.min.js:2:174386)
    at CheckedComponent (http://localhost:8050/_dash-component-suites/dash/dash-renderer/build/dash_renderer.v4_0_0m1771890619.dev.js:85525:19)
    at DashContextProvider (http://localhost:8050/_dash-component-suites/dash/dash-renderer/build/dash_renderer.v4_0_0m1771890619.dev.js:85562:24)
    at ComponentErrorBoundary (http://localhost:8050/_dash-component-suites/dash/dash-renderer/build/dash_renderer.v4_0_0m1771890619.dev.js:81000:5)
    at DashWrapper (http://localhost:8050/_dash-component-suites/dash/dash-renderer/build/dash_renderer.v4_0_0m1771890619.dev.js:85693:28)
    at div
    at http://localhost:8050/_dash-component-suites/dash_bootstrap_components/_components/dash_bootstrap_components.v2_0_4m1771890624.min.js:2:77740
    at Ps (http://localhost:8050/_dash-component-suites/dash_bootstrap_components/_components/dash_bootstrap_components.v2_0_4m1771890624.min.js:2:78030)
    at CheckedComponent (http://localhost:8050/_dash-component-suites/dash/dash-renderer/build/dash_renderer.v4_0_0m1771890619.dev.js:85525:19)
    at DashContextProvider (http://localhost:8050/_dash-component-suites/dash/dash-renderer/build/dash_renderer.v4_0_0m1771890619.dev.js:85562:24)
    at ComponentErrorBoundary (http://localhost:8050/_dash-component-suites/dash/dash-renderer/build/dash_renderer.v4_0_0m1771890619.dev.js:81000:5)
    at DashWrapper (http://localhost:8050/_dash-component-suites/dash/dash-renderer/build/dash_renderer.v4_0_0m1771890619.dev.js:85693:28)
    at div
    at div
    at Debug (http://localhost:8050/_dash-component-suites/dash/dash-renderer/build/dash_renderer.v4_0_0m1771890619.dev.js:81942:21)
    at DevtoolProvider (http://localhost:8050/_dash-component-suites/dash/dash-renderer/build/dash_renderer.v4_0_0m1771890619.dev.js:82045:23)
    at DebugMenu (http://localhost:8050/_dash-component-suites/dash/dash-renderer/build/dash_renderer.v4_0_0m1771890619.dev.js:82006:24)
    at div
    at UnconnectedGlobalErrorContainer (http://localhost:8050/_dash-component-suites/dash/dash-renderer/build/dash_renderer.v4_0_0m1771890619.dev.js:81436:5)
    at ConnectFunction (http://localhost:8050/_dash-component-suites/dash/dash-renderer/build/dash_renderer.v4_0_0m1771890619.dev.js:72053:68)
    at UnconnectedContainer (http://localhost:8050/_dash-component-suites/dash/dash-renderer/build/dash_renderer.v4_0_0m1771890619.dev.js:75251:28)
    at ConnectFunction (http://localhost:8050/_dash-component-suites/dash/dash-renderer/build/dash_renderer.v4_0_0m1771890619.dev.js:72053:68)
    at UnconnectedAppContainer (http://localhost:8050/_dash-component-suites/dash/dash-renderer/build/dash_renderer.v4_0_0m1771890619.dev.js:75477:5)
    at ConnectFunction (http://localhost:8050/_dash-component-suites/dash/dash-renderer/build/dash_renderer.v4_0_0m1771890619.dev.js:72053:68)
    at Provider (http://localhost:8050/_dash-component-suites/dash/dash-renderer/build/dash_renderer.v4_0_0m1771890619.dev.js:71768:20)
    at AppProvider (http://localhost:8050/_dash-component-suites/dash/dash-renderer/build/dash_renderer.v4_0_0m1771890619.dev.js:75567:25) @ http://localhost:8050/_dash-component-suites/dash/deps/react-dom@18.v4_0_0m1771890619.3.1.js:72
